<?xml version="1.0" encoding="UTF-8"?>
<testsuite name="ch.uzh.ifi.hase.soprafs24.controller.UserControllerTest" tests="2" skipped="0" failures="0" errors="0" timestamp="2024-03-08T19:31:50" hostname="MacBook-Air-Lazi.local" time="0.377">
  <properties/>
  <testcase name="givenUsers_whenGetUsers_thenReturnJsonArray()" classname="ch.uzh.ifi.hase.soprafs24.controller.UserControllerTest" time="0.25"/>
  <testcase name="createUser_validInput_userCreated()" classname="ch.uzh.ifi.hase.soprafs24.controller.UserControllerTest" time="0.12"/>
  <system-out><![CDATA[20:31:45.703 [Test worker] DEBUG org.springframework.test.context.BootstrapUtils - Instantiating CacheAwareContextLoaderDelegate from class [org.springframework.test.context.cache.DefaultCacheAwareContextLoaderDelegate]
20:31:45.721 [Test worker] DEBUG org.springframework.test.context.BootstrapUtils - Instantiating BootstrapContext using constructor [public org.springframework.test.context.support.DefaultBootstrapContext(java.lang.Class,org.springframework.test.context.CacheAwareContextLoaderDelegate)]
20:31:45.852 [Test worker] DEBUG org.springframework.test.context.BootstrapUtils - Instantiating TestContextBootstrapper for test class [ch.uzh.ifi.hase.soprafs24.controller.UserControllerTest] from class [org.springframework.boot.test.autoconfigure.web.servlet.WebMvcTestContextBootstrapper]
20:31:45.904 [Test worker] INFO org.springframework.boot.test.autoconfigure.web.servlet.WebMvcTestContextBootstrapper - Neither @ContextConfiguration nor @ContextHierarchy found for test class [ch.uzh.ifi.hase.soprafs24.controller.UserControllerTest], using SpringBootContextLoader
20:31:45.920 [Test worker] DEBUG org.springframework.test.context.support.AbstractContextLoader - Did not detect default resource location for test class [ch.uzh.ifi.hase.soprafs24.controller.UserControllerTest]: class path resource [ch/uzh/ifi/hase/soprafs24/controller/UserControllerTest-context.xml] does not exist
20:31:45.921 [Test worker] DEBUG org.springframework.test.context.support.AbstractContextLoader - Did not detect default resource location for test class [ch.uzh.ifi.hase.soprafs24.controller.UserControllerTest]: class path resource [ch/uzh/ifi/hase/soprafs24/controller/UserControllerTestContext.groovy] does not exist
20:31:45.921 [Test worker] INFO org.springframework.test.context.support.AbstractContextLoader - Could not detect default resource locations for test class [ch.uzh.ifi.hase.soprafs24.controller.UserControllerTest]: no resource found for suffixes {-context.xml, Context.groovy}.
20:31:45.924 [Test worker] INFO org.springframework.test.context.support.AnnotationConfigContextLoaderUtils - Could not detect default configuration classes for test class [ch.uzh.ifi.hase.soprafs24.controller.UserControllerTest]: UserControllerTest does not declare any static, non-private, non-final, nested classes annotated with @Configuration.
20:31:46.097 [Test worker] DEBUG org.springframework.test.context.support.ActiveProfilesUtils - Could not find an 'annotation declaring class' for annotation type [org.springframework.test.context.ActiveProfiles] and class [ch.uzh.ifi.hase.soprafs24.controller.UserControllerTest]
20:31:46.267 [Test worker] DEBUG org.springframework.context.annotation.ClassPathScanningCandidateComponentProvider - Identified candidate component class: file [/Users/lazaro/Desktop/vida/Schule/Universität/Unterlagen/24FS/Software_Engineering_Lab/Assignments/A1_Repo/sopra-fs24-template-server/build/classes/java/main/ch/uzh/ifi/hase/soprafs24/Application.class]
20:31:46.272 [Test worker] INFO org.springframework.boot.test.context.SpringBootTestContextBootstrapper - Found @SpringBootConfiguration ch.uzh.ifi.hase.soprafs24.Application for test class ch.uzh.ifi.hase.soprafs24.controller.UserControllerTest
20:31:46.285 [Test worker] DEBUG org.springframework.boot.test.autoconfigure.web.servlet.WebMvcTestContextBootstrapper - @TestExecutionListeners is not present for class [ch.uzh.ifi.hase.soprafs24.controller.UserControllerTest]: using defaults.
20:31:46.286 [Test worker] INFO org.springframework.boot.test.autoconfigure.web.servlet.WebMvcTestContextBootstrapper - Loaded default TestExecutionListener class names from location [META-INF/spring.factories]: [org.springframework.boot.test.autoconfigure.restdocs.RestDocsTestExecutionListener, org.springframework.boot.test.autoconfigure.web.client.MockRestServiceServerResetTestExecutionListener, org.springframework.boot.test.autoconfigure.web.servlet.MockMvcPrintOnlyOnFailureTestExecutionListener, org.springframework.boot.test.autoconfigure.web.servlet.WebDriverTestExecutionListener, org.springframework.boot.test.autoconfigure.webservices.client.MockWebServiceServerTestExecutionListener, org.springframework.boot.test.mock.mockito.MockitoTestExecutionListener, org.springframework.boot.test.mock.mockito.ResetMocksTestExecutionListener, org.springframework.test.context.web.ServletTestExecutionListener, org.springframework.test.context.support.DirtiesContextBeforeModesTestExecutionListener, org.springframework.test.context.event.ApplicationEventsTestExecutionListener, org.springframework.test.context.support.DependencyInjectionTestExecutionListener, org.springframework.test.context.support.DirtiesContextTestExecutionListener, org.springframework.test.context.transaction.TransactionalTestExecutionListener, org.springframework.test.context.jdbc.SqlScriptsTestExecutionListener, org.springframework.test.context.event.EventPublishingTestExecutionListener]
20:31:46.319 [Test worker] INFO org.springframework.boot.test.autoconfigure.web.servlet.WebMvcTestContextBootstrapper - Using TestExecutionListeners: [org.springframework.test.context.web.ServletTestExecutionListener@6598caab, org.springframework.test.context.support.DirtiesContextBeforeModesTestExecutionListener@47f2c722, org.springframework.test.context.event.ApplicationEventsTestExecutionListener@52ca0ad4, org.springframework.boot.test.mock.mockito.MockitoTestExecutionListener@4536a715, org.springframework.boot.test.autoconfigure.SpringBootDependencyInjectionTestExecutionListener@6658f08a, org.springframework.test.context.support.DirtiesContextTestExecutionListener@37c2f0b4, org.springframework.test.context.transaction.TransactionalTestExecutionListener@35dcd032, org.springframework.test.context.jdbc.SqlScriptsTestExecutionListener@4522d793, org.springframework.test.context.event.EventPublishingTestExecutionListener@64dfb31d, org.springframework.boot.test.autoconfigure.restdocs.RestDocsTestExecutionListener@4438b862, org.springframework.boot.test.autoconfigure.web.client.MockRestServiceServerResetTestExecutionListener@17b6ad97, org.springframework.boot.test.autoconfigure.web.servlet.MockMvcPrintOnlyOnFailureTestExecutionListener@44fb6ebd, org.springframework.boot.test.autoconfigure.web.servlet.WebDriverTestExecutionListener@5da57a64, org.springframework.boot.test.autoconfigure.webservices.client.MockWebServiceServerTestExecutionListener@5cdf221a, org.springframework.boot.test.mock.mockito.ResetMocksTestExecutionListener@7e27f603]
20:31:46.329 [Test worker] DEBUG org.springframework.test.context.support.AbstractDirtiesContextTestExecutionListener - Before test class: context [DefaultTestContext@b5312df testClass = UserControllerTest, testInstance = [null], testMethod = [null], testException = [null], mergedContextConfiguration = [WebMergedContextConfiguration@4300e240 testClass = UserControllerTest, locations = '{}', classes = '{class ch.uzh.ifi.hase.soprafs24.Application}', contextInitializerClasses = '[]', activeProfiles = '{}', propertySourceLocations = '{}', propertySourceProperties = '{org.springframework.boot.test.autoconfigure.web.servlet.WebMvcTestContextBootstrapper=true}', contextCustomizers = set[org.springframework.boot.test.autoconfigure.OverrideAutoConfigurationContextCustomizerFactory$DisableAutoConfigurationContextCustomizer@7b8ea1db, org.springframework.boot.test.autoconfigure.actuate.metrics.MetricsExportContextCustomizerFactory$DisableMetricExportContextCustomizer@2f0ccb34, org.springframework.boot.test.autoconfigure.filter.TypeExcludeFiltersContextCustomizer@ac8c8939, org.springframework.boot.test.autoconfigure.properties.PropertyMappingContextCustomizer@e179dba9, org.springframework.boot.test.autoconfigure.web.servlet.WebDriverContextCustomizerFactory$Customizer@67c6f4d8, [ImportsContextCustomizer@5f409872 key = [org.springframework.boot.autoconfigure.cache.CacheAutoConfiguration, org.springframework.boot.autoconfigure.context.MessageSourceAutoConfiguration, org.springframework.boot.autoconfigure.data.web.SpringDataWebAutoConfiguration, org.springframework.boot.autoconfigure.freemarker.FreeMarkerAutoConfiguration, org.springframework.boot.autoconfigure.groovy.template.GroovyTemplateAutoConfiguration, org.springframework.boot.autoconfigure.gson.GsonAutoConfiguration, org.springframework.boot.autoconfigure.hateoas.HypermediaAutoConfiguration, org.springframework.boot.autoconfigure.http.HttpMessageConvertersAutoConfiguration, org.springframework.boot.autoconfigure.jackson.JacksonAutoConfiguration, org.springframework.boot.autoconfigure.jsonb.JsonbAutoConfiguration, org.springframework.boot.autoconfigure.mustache.MustacheAutoConfiguration, org.springframework.boot.autoconfigure.task.TaskExecutionAutoConfiguration, org.springframework.boot.autoconfigure.thymeleaf.ThymeleafAutoConfiguration, org.springframework.boot.autoconfigure.validation.ValidationAutoConfiguration, org.springframework.boot.autoconfigure.web.servlet.error.ErrorMvcAutoConfiguration, org.springframework.boot.autoconfigure.web.servlet.HttpEncodingAutoConfiguration, org.springframework.boot.autoconfigure.web.servlet.WebMvcAutoConfiguration, org.springframework.boot.test.autoconfigure.web.servlet.MockMvcAutoConfiguration, org.springframework.boot.test.autoconfigure.web.servlet.MockMvcWebClientAutoConfiguration, org.springframework.boot.test.autoconfigure.web.servlet.MockMvcWebDriverAutoConfiguration, org.springframework.boot.autoconfigure.security.oauth2.client.servlet.OAuth2ClientAutoConfiguration, org.springframework.boot.autoconfigure.security.oauth2.resource.servlet.OAuth2ResourceServerAutoConfiguration, org.springframework.boot.autoconfigure.security.servlet.SecurityAutoConfiguration, org.springframework.boot.autoconfigure.security.servlet.SecurityFilterAutoConfiguration, org.springframework.boot.autoconfigure.security.servlet.UserDetailsServiceAutoConfiguration, org.springframework.boot.test.autoconfigure.web.servlet.MockMvcSecurityConfiguration]], org.springframework.boot.test.context.filter.ExcludeFilterContextCustomizer@6c07ad6b, org.springframework.boot.test.json.DuplicateJsonObjectContextCustomizerFactory$DuplicateJsonObjectContextCustomizer@72af90e8, org.springframework.boot.test.mock.mockito.MockitoContextCustomizer@29ddac6d, org.springframework.boot.test.context.SpringBootTestArgs@1, org.springframework.boot.test.context.SpringBootTestWebEnvironment@0], resourceBasePath = 'src/main/webapp', contextLoader = 'org.springframework.boot.test.context.SpringBootContextLoader', parent = [null]], attributes = map[[empty]]], class annotated with @DirtiesContext [false] with mode [null].
20:31:46.397 [Test worker] DEBUG org.springframework.test.context.support.TestPropertySourceUtils - Adding inlined properties to environment: {spring.jmx.enabled=false, org.springframework.boot.test.autoconfigure.web.servlet.WebMvcTestContextBootstrapper=true}

  .   ____          _            __ _ _
 /\\ / ___'_ __ _ _(_)_ __  __ _ \ \ \ \
( ( )\___ | '_ | '_| | '_ \/ _` | \ \ \ \
 \\/  ___)| |_)| | | | | || (_| |  ) ) ) )
  '  |____| .__|_| |_|_| |_\__, | / / / /
 =========|_|==============|___/=/_/_/_/
 :: Spring Boot ::               (v2.4.13)

2024-03-08 20:31:47.628  INFO 7277 --- [    Test worker] c.u.i.h.s.controller.UserControllerTest  : Starting UserControllerTest using Java 17.0.10 on MacBook-Air-Lazi.local with PID 7277 (started by lazaro in /Users/lazaro/Desktop/vida/Schule/Universität/Unterlagen/24FS/Software_Engineering_Lab/Assignments/A1_Repo/sopra-fs24-template-server)
2024-03-08 20:31:47.657  INFO 7277 --- [    Test worker] c.u.i.h.s.controller.UserControllerTest  : No active profile set, falling back to default profiles: default
2024-03-08 20:31:50.857  INFO 7277 --- [    Test worker] o.s.b.t.m.w.SpringBootMockServletContext : Initializing Spring TestDispatcherServlet ''
2024-03-08 20:31:50.858  INFO 7277 --- [    Test worker] o.s.t.web.servlet.TestDispatcherServlet  : Initializing Servlet ''
2024-03-08 20:31:50.862  INFO 7277 --- [    Test worker] o.s.t.web.servlet.TestDispatcherServlet  : Completed initialization in 3 ms
2024-03-08 20:31:50.929  INFO 7277 --- [    Test worker] c.u.i.h.s.controller.UserControllerTest  : Started UserControllerTest in 4.506 seconds (JVM running for 9.47)
]]></system-out>
  <system-err><![CDATA[]]></system-err>
</testsuite>
