<?xml version="1.0" encoding="UTF-8"?>
<testsuite name="ch.uzh.ifi.hase.soprafs24.service.UserServiceIntegrationTest" tests="2" skipped="0" failures="0" errors="0" timestamp="2024-03-08T19:31:57" hostname="MacBook-Air-Lazi.local" time="0.184">
  <properties/>
  <testcase name="createUser_validInputs_success()" classname="ch.uzh.ifi.hase.soprafs24.service.UserServiceIntegrationTest" time="0.139"/>
  <testcase name="createUser_duplicateUsername_throwsException()" classname="ch.uzh.ifi.hase.soprafs24.service.UserServiceIntegrationTest" time="0.041"/>
  <system-out><![CDATA[2024-03-08 20:31:55.567  INFO 7277 --- [    Test worker] .b.t.c.SpringBootTestContextBootstrapper : Neither @ContextConfiguration nor @ContextHierarchy found for test class [ch.uzh.ifi.hase.soprafs24.service.UserServiceIntegrationTest], using SpringBootContextLoader
2024-03-08 20:31:55.571  INFO 7277 --- [    Test worker] o.s.t.c.support.AbstractContextLoader    : Could not detect default resource locations for test class [ch.uzh.ifi.hase.soprafs24.service.UserServiceIntegrationTest]: no resource found for suffixes {-context.xml, Context.groovy}.
2024-03-08 20:31:55.572  INFO 7277 --- [    Test worker] t.c.s.AnnotationConfigContextLoaderUtils : Could not detect default configuration classes for test class [ch.uzh.ifi.hase.soprafs24.service.UserServiceIntegrationTest]: UserServiceIntegrationTest does not declare any static, non-private, non-final, nested classes annotated with @Configuration.
2024-03-08 20:31:55.601  INFO 7277 --- [    Test worker] .b.t.c.SpringBootTestContextBootstrapper : Found @SpringBootConfiguration ch.uzh.ifi.hase.soprafs24.Application for test class ch.uzh.ifi.hase.soprafs24.service.UserServiceIntegrationTest
2024-03-08 20:31:55.610  INFO 7277 --- [    Test worker] .b.t.c.SpringBootTestContextBootstrapper : Loaded default TestExecutionListener class names from location [META-INF/spring.factories]: [org.springframework.boot.test.autoconfigure.restdocs.RestDocsTestExecutionListener, org.springframework.boot.test.autoconfigure.web.client.MockRestServiceServerResetTestExecutionListener, org.springframework.boot.test.autoconfigure.web.servlet.MockMvcPrintOnlyOnFailureTestExecutionListener, org.springframework.boot.test.autoconfigure.web.servlet.WebDriverTestExecutionListener, org.springframework.boot.test.autoconfigure.webservices.client.MockWebServiceServerTestExecutionListener, org.springframework.boot.test.mock.mockito.MockitoTestExecutionListener, org.springframework.boot.test.mock.mockito.ResetMocksTestExecutionListener, org.springframework.test.context.web.ServletTestExecutionListener, org.springframework.test.context.support.DirtiesContextBeforeModesTestExecutionListener, org.springframework.test.context.event.ApplicationEventsTestExecutionListener, org.springframework.test.context.support.DependencyInjectionTestExecutionListener, org.springframework.test.context.support.DirtiesContextTestExecutionListener, org.springframework.test.context.transaction.TransactionalTestExecutionListener, org.springframework.test.context.jdbc.SqlScriptsTestExecutionListener, org.springframework.test.context.event.EventPublishingTestExecutionListener]
2024-03-08 20:31:55.610  INFO 7277 --- [    Test worker] .b.t.c.SpringBootTestContextBootstrapper : Using TestExecutionListeners: [org.springframework.test.context.web.ServletTestExecutionListener@2e862e83, org.springframework.test.context.support.DirtiesContextBeforeModesTestExecutionListener@2908b236, org.springframework.test.context.event.ApplicationEventsTestExecutionListener@294c39a0, org.springframework.boot.test.mock.mockito.MockitoTestExecutionListener@216a0542, org.springframework.boot.test.autoconfigure.SpringBootDependencyInjectionTestExecutionListener@3e87d5da, org.springframework.test.context.support.DirtiesContextTestExecutionListener@52f2593e, org.springframework.test.context.transaction.TransactionalTestExecutionListener@1a3bebf9, org.springframework.test.context.jdbc.SqlScriptsTestExecutionListener@6b8abde9, org.springframework.test.context.event.EventPublishingTestExecutionListener@6b238c47, org.springframework.boot.test.autoconfigure.restdocs.RestDocsTestExecutionListener@2bd813b4, org.springframework.boot.test.autoconfigure.web.client.MockRestServiceServerResetTestExecutionListener@6e794115, org.springframework.boot.test.autoconfigure.web.servlet.MockMvcPrintOnlyOnFailureTestExecutionListener@50a2dcc6, org.springframework.boot.test.autoconfigure.web.servlet.WebDriverTestExecutionListener@27943321, org.springframework.boot.test.autoconfigure.webservices.client.MockWebServiceServerTestExecutionListener@4cbad1d4, org.springframework.boot.test.mock.mockito.ResetMocksTestExecutionListener@686f50bf]

  .   ____          _            __ _ _
 /\\ / ___'_ __ _ _(_)_ __  __ _ \ \ \ \
( ( )\___ | '_ | '_| | '_ \/ _` | \ \ \ \
 \\/  ___)| |_)| | | | | || (_| |  ) ) ) )
  '  |____| .__|_| |_|_| |_\__, | / / / /
 =========|_|==============|___/=/_/_/_/
 :: Spring Boot ::               (v2.4.13)

2024-03-08 20:31:55.668  INFO 7277 --- [    Test worker] c.u.i.h.s.s.UserServiceIntegrationTest   : Starting UserServiceIntegrationTest using Java 17.0.10 on MacBook-Air-Lazi.local with PID 7277 (started by lazaro in /Users/lazaro/Desktop/vida/Schule/Universität/Unterlagen/24FS/Software_Engineering_Lab/Assignments/A1_Repo/sopra-fs24-template-server)
2024-03-08 20:31:55.669  INFO 7277 --- [    Test worker] c.u.i.h.s.s.UserServiceIntegrationTest   : No active profile set, falling back to default profiles: default
2024-03-08 20:31:56.075  INFO 7277 --- [    Test worker] .s.d.r.c.RepositoryConfigurationDelegate : Bootstrapping Spring Data JPA repositories in DEFAULT mode.
2024-03-08 20:31:56.114  INFO 7277 --- [    Test worker] .s.d.r.c.RepositoryConfigurationDelegate : Finished Spring Data repository scanning in 37 ms. Found 1 JPA repository interfaces.
2024-03-08 20:31:56.554  INFO 7277 --- [    Test worker] com.zaxxer.hikari.HikariDataSource       : HikariPool-1 - Starting...
2024-03-08 20:31:56.600  INFO 7277 --- [    Test worker] com.zaxxer.hikari.HikariDataSource       : HikariPool-1 - Start completed.
2024-03-08 20:31:56.632  INFO 7277 --- [    Test worker] o.hibernate.jpa.internal.util.LogHelper  : HHH000204: Processing PersistenceUnitInfo [name: default]
2024-03-08 20:31:56.645  INFO 7277 --- [    Test worker] org.hibernate.dialect.Dialect            : HHH000400: Using dialect: org.hibernate.dialect.H2Dialect
2024-03-08 20:31:56.761  INFO 7277 --- [    Test worker] o.h.e.t.j.p.i.JtaPlatformInitiator       : HHH000490: Using JtaPlatform implementation: [org.hibernate.engine.transaction.jta.platform.internal.NoJtaPlatform]
2024-03-08 20:31:56.763  INFO 7277 --- [    Test worker] j.LocalContainerEntityManagerFactoryBean : Initialized JPA EntityManagerFactory for persistence unit 'default'
2024-03-08 20:31:57.160  WARN 7277 --- [    Test worker] JpaBaseConfiguration$JpaWebConfiguration : spring.jpa.open-in-view is enabled by default. Therefore, database queries may be performed during view rendering. Explicitly configure spring.jpa.open-in-view to disable this warning
2024-03-08 20:31:57.321  INFO 7277 --- [    Test worker] o.s.b.a.h2.H2ConsoleAutoConfiguration    : H2 console available at '/h2-console'. Database available at 'jdbc:h2:mem:testdb'
2024-03-08 20:31:57.649  INFO 7277 --- [    Test worker] c.u.i.h.s.s.UserServiceIntegrationTest   : Started UserServiceIntegrationTest in 2.035 seconds (JVM running for 16.19)
]]></system-out>
  <system-err><![CDATA[]]></system-err>
</testsuite>
