<?xml version="1.0" encoding="UTF-8"?>
<testsuite name="ch.uzh.ifi.hase.soprafs24.service.UserServiceIntegrationTest" tests="6" skipped="0" failures="0" errors="0" timestamp="2024-03-08T22:36:12" hostname="MacBook-Air-Lazi.local" time="0.688">
  <properties/>
  <testcase name="createUser_validInputs_success()" classname="ch.uzh.ifi.hase.soprafs24.service.UserServiceIntegrationTest" time="0.336"/>
  <testcase name="createUser_duplicateUsername_throwsException()" classname="ch.uzh.ifi.hase.soprafs24.service.UserServiceIntegrationTest" time="0.199"/>
  <testcase name="updateUser_validInput_success()" classname="ch.uzh.ifi.hase.soprafs24.service.UserServiceIntegrationTest" time="0.071"/>
  <testcase name="updateUser_inexistentId_throwsException()" classname="ch.uzh.ifi.hase.soprafs24.service.UserServiceIntegrationTest" time="0.018"/>
  <testcase name="getUser_inexistentId_throwsException()" classname="ch.uzh.ifi.hase.soprafs24.service.UserServiceIntegrationTest" time="0.012"/>
  <testcase name="getUser_validInput_success()" classname="ch.uzh.ifi.hase.soprafs24.service.UserServiceIntegrationTest" time="0.013"/>
  <system-out><![CDATA[2024-03-08 23:36:10.418  INFO 16376 --- [    Test worker] .b.t.c.SpringBootTestContextBootstrapper : Neither @ContextConfiguration nor @ContextHierarchy found for test class [ch.uzh.ifi.hase.soprafs24.service.UserServiceIntegrationTest], using SpringBootContextLoader
2024-03-08 23:36:10.421  INFO 16376 --- [    Test worker] o.s.t.c.support.AbstractContextLoader    : Could not detect default resource locations for test class [ch.uzh.ifi.hase.soprafs24.service.UserServiceIntegrationTest]: no resource found for suffixes {-context.xml, Context.groovy}.
2024-03-08 23:36:10.422  INFO 16376 --- [    Test worker] t.c.s.AnnotationConfigContextLoaderUtils : Could not detect default configuration classes for test class [ch.uzh.ifi.hase.soprafs24.service.UserServiceIntegrationTest]: UserServiceIntegrationTest does not declare any static, non-private, non-final, nested classes annotated with @Configuration.
2024-03-08 23:36:10.456  INFO 16376 --- [    Test worker] .b.t.c.SpringBootTestContextBootstrapper : Found @SpringBootConfiguration ch.uzh.ifi.hase.soprafs24.Application for test class ch.uzh.ifi.hase.soprafs24.service.UserServiceIntegrationTest
2024-03-08 23:36:10.466  INFO 16376 --- [    Test worker] .b.t.c.SpringBootTestContextBootstrapper : Loaded default TestExecutionListener class names from location [META-INF/spring.factories]: [org.springframework.boot.test.autoconfigure.restdocs.RestDocsTestExecutionListener, org.springframework.boot.test.autoconfigure.web.client.MockRestServiceServerResetTestExecutionListener, org.springframework.boot.test.autoconfigure.web.servlet.MockMvcPrintOnlyOnFailureTestExecutionListener, org.springframework.boot.test.autoconfigure.web.servlet.WebDriverTestExecutionListener, org.springframework.boot.test.autoconfigure.webservices.client.MockWebServiceServerTestExecutionListener, org.springframework.boot.test.mock.mockito.MockitoTestExecutionListener, org.springframework.boot.test.mock.mockito.ResetMocksTestExecutionListener, org.springframework.test.context.web.ServletTestExecutionListener, org.springframework.test.context.support.DirtiesContextBeforeModesTestExecutionListener, org.springframework.test.context.event.ApplicationEventsTestExecutionListener, org.springframework.test.context.support.DependencyInjectionTestExecutionListener, org.springframework.test.context.support.DirtiesContextTestExecutionListener, org.springframework.test.context.transaction.TransactionalTestExecutionListener, org.springframework.test.context.jdbc.SqlScriptsTestExecutionListener, org.springframework.test.context.event.EventPublishingTestExecutionListener]
2024-03-08 23:36:10.467  INFO 16376 --- [    Test worker] .b.t.c.SpringBootTestContextBootstrapper : Using TestExecutionListeners: [org.springframework.test.context.web.ServletTestExecutionListener@26b16a2b, org.springframework.test.context.support.DirtiesContextBeforeModesTestExecutionListener@44eb735c, org.springframework.test.context.event.ApplicationEventsTestExecutionListener@5d0b5aef, org.springframework.boot.test.mock.mockito.MockitoTestExecutionListener@46766b17, org.springframework.boot.test.autoconfigure.SpringBootDependencyInjectionTestExecutionListener@6b3bb1c0, org.springframework.test.context.support.DirtiesContextTestExecutionListener@74554e68, org.springframework.test.context.transaction.TransactionalTestExecutionListener@738eae2f, org.springframework.test.context.jdbc.SqlScriptsTestExecutionListener@6554d9a, org.springframework.test.context.event.EventPublishingTestExecutionListener@30d64921, org.springframework.boot.test.autoconfigure.restdocs.RestDocsTestExecutionListener@6eae675d, org.springframework.boot.test.autoconfigure.web.client.MockRestServiceServerResetTestExecutionListener@68d74371, org.springframework.boot.test.autoconfigure.web.servlet.MockMvcPrintOnlyOnFailureTestExecutionListener@4442fa6c, org.springframework.boot.test.autoconfigure.web.servlet.WebDriverTestExecutionListener@465f2c84, org.springframework.boot.test.autoconfigure.webservices.client.MockWebServiceServerTestExecutionListener@5bd62f9d, org.springframework.boot.test.mock.mockito.ResetMocksTestExecutionListener@948335d]

  .   ____          _            __ _ _
 /\\ / ___'_ __ _ _(_)_ __  __ _ \ \ \ \
( ( )\___ | '_ | '_| | '_ \/ _` | \ \ \ \
 \\/  ___)| |_)| | | | | || (_| |  ) ) ) )
  '  |____| .__|_| |_|_| |_\__, | / / / /
 =========|_|==============|___/=/_/_/_/
 :: Spring Boot ::               (v2.4.13)

2024-03-08 23:36:10.542  INFO 16376 --- [    Test worker] c.u.i.h.s.s.UserServiceIntegrationTest   : Starting UserServiceIntegrationTest using Java 17.0.10 on MacBook-Air-Lazi.local with PID 16376 (started by lazaro in /Users/lazaro/Desktop/vida/Schule/Universität/Unterlagen/24FS/Software_Engineering_Lab/Assignments/A1_Repo/sopra-fs24-template-server)
2024-03-08 23:36:10.544  INFO 16376 --- [    Test worker] c.u.i.h.s.s.UserServiceIntegrationTest   : No active profile set, falling back to default profiles: default
2024-03-08 23:36:11.045  INFO 16376 --- [    Test worker] .s.d.r.c.RepositoryConfigurationDelegate : Bootstrapping Spring Data JPA repositories in DEFAULT mode.
2024-03-08 23:36:11.076  INFO 16376 --- [    Test worker] .s.d.r.c.RepositoryConfigurationDelegate : Finished Spring Data repository scanning in 29 ms. Found 1 JPA repository interfaces.
2024-03-08 23:36:11.430  INFO 16376 --- [    Test worker] com.zaxxer.hikari.HikariDataSource       : HikariPool-1 - Starting...
2024-03-08 23:36:11.462  INFO 16376 --- [    Test worker] com.zaxxer.hikari.HikariDataSource       : HikariPool-1 - Start completed.
2024-03-08 23:36:11.505  INFO 16376 --- [    Test worker] o.hibernate.jpa.internal.util.LogHelper  : HHH000204: Processing PersistenceUnitInfo [name: default]
2024-03-08 23:36:11.518  INFO 16376 --- [    Test worker] org.hibernate.dialect.Dialect            : HHH000400: Using dialect: org.hibernate.dialect.H2Dialect
2024-03-08 23:36:11.643  INFO 16376 --- [    Test worker] o.h.e.t.j.p.i.JtaPlatformInitiator       : HHH000490: Using JtaPlatform implementation: [org.hibernate.engine.transaction.jta.platform.internal.NoJtaPlatform]
2024-03-08 23:36:11.643  INFO 16376 --- [    Test worker] j.LocalContainerEntityManagerFactoryBean : Initialized JPA EntityManagerFactory for persistence unit 'default'
2024-03-08 23:36:12.070  WARN 16376 --- [    Test worker] JpaBaseConfiguration$JpaWebConfiguration : spring.jpa.open-in-view is enabled by default. Therefore, database queries may be performed during view rendering. Explicitly configure spring.jpa.open-in-view to disable this warning
2024-03-08 23:36:12.379  INFO 16376 --- [    Test worker] o.s.b.a.h2.H2ConsoleAutoConfiguration    : H2 console available at '/h2-console'. Database available at 'jdbc:h2:mem:testdb'
2024-03-08 23:36:12.744  INFO 16376 --- [    Test worker] c.u.i.h.s.s.UserServiceIntegrationTest   : Started UserServiceIntegrationTest in 2.272 seconds (JVM running for 16.573)
]]></system-out>
  <system-err><![CDATA[]]></system-err>
</testsuite>
